2020-03-08 07:12:29 [scrapy.utils.log] INFO: Scrapy 2.0.0 started (bot: haiku_writer)
2020-03-08 07:12:29 [scrapy.utils.log] INFO: Versions: lxml 4.5.0.0, libxml2 2.9.10, cssselect 1.1.0, parsel 1.5.2, w3lib 1.21.0, Twisted 19.10.0, Python 3.7.4 (default, Aug 13 2019, 20:35:49) - [GCC 7.3.0], pyOpenSSL 19.1.0 (OpenSSL 1.1.1d  10 Sep 2019), cryptography 2.8, Platform Linux-5.3.0-40-generic-x86_64-with-debian-buster-sid
2020-03-08 07:12:29 [scrapy.utils.log] DEBUG: Using reactor: twisted.internet.epollreactor.EPollReactor
2020-03-08 07:12:29 [scrapy.crawler] INFO: Overridden settings:
{'BOT_NAME': 'haiku_writer',
 'LOG_FILE': 'output.log',
 'NEWSPIDER_MODULE': 'haiku_writer.spiders',
 'SPIDER_MODULES': ['haiku_writer.spiders']}
2020-03-08 07:12:29 [scrapy.extensions.telnet] INFO: Telnet Password: 1f9fae85d7039a85
2020-03-08 07:12:29 [scrapy.middleware] INFO: Enabled extensions:
['scrapy.extensions.corestats.CoreStats',
 'scrapy.extensions.telnet.TelnetConsole',
 'scrapy.extensions.memusage.MemoryUsage',
 'scrapy.extensions.logstats.LogStats']
2020-03-08 07:12:29 [scrapy.middleware] INFO: Enabled downloader middlewares:
['scrapy.downloadermiddlewares.httpauth.HttpAuthMiddleware',
 'scrapy.downloadermiddlewares.downloadtimeout.DownloadTimeoutMiddleware',
 'scrapy.downloadermiddlewares.defaultheaders.DefaultHeadersMiddleware',
 'scrapy_fake_useragent.middleware.RandomUserAgentMiddleware',
 'scrapy_fake_useragent.middleware.RetryUserAgentMiddleware',
 'scrapy.downloadermiddlewares.useragent.UserAgentMiddleware',
 'scrapy.downloadermiddlewares.retry.RetryMiddleware',
 'scrapy.downloadermiddlewares.redirect.MetaRefreshMiddleware',
 'scrapy.downloadermiddlewares.httpcompression.HttpCompressionMiddleware',
 'scrapy.downloadermiddlewares.redirect.RedirectMiddleware',
 'scrapy_proxy_pool.middlewares.BanDetectionMiddleware',
 'scrapy.downloadermiddlewares.cookies.CookiesMiddleware',
 'scrapy.downloadermiddlewares.httpproxy.HttpProxyMiddleware',
 'scrapy.downloadermiddlewares.stats.DownloaderStats']
2020-03-08 07:12:29 [scrapy.middleware] INFO: Enabled spider middlewares:
['scrapy.spidermiddlewares.httperror.HttpErrorMiddleware',
 'scrapy.spidermiddlewares.offsite.OffsiteMiddleware',
 'scrapy.spidermiddlewares.referer.RefererMiddleware',
 'scrapy.spidermiddlewares.urllength.UrlLengthMiddleware',
 'scrapy.spidermiddlewares.depth.DepthMiddleware']
2020-03-08 07:12:29 [scrapy.middleware] INFO: Enabled item pipelines:
[]
2020-03-08 07:12:29 [scrapy.core.engine] INFO: Spider opened
2020-03-08 07:12:29 [scrapy.extensions.logstats] INFO: Crawled 0 pages (at 0 pages/min), scraped 0 items (at 0 items/min)
2020-03-08 07:12:29 [scrapy.extensions.telnet] INFO: Telnet console listening on 127.0.0.1:6023
2020-03-08 07:12:37 [scrapy.core.scraper] ERROR: Error downloading <GET https://api.pushshift.io/reddit/search/submission/?q=&after=0&before=1583638386&subreddit=haiku&author=&aggs=&metadata=true&frequency=hour&advanced=false&sort=desc&domain=&sort_type=created_utc&size=1000>
Traceback (most recent call last):
  File "/home/marco/.local/share/virtualenvs/haiku_writer-Vw2z9IJv/lib/python3.7/site-packages/twisted/internet/defer.py", line 1418, in _inlineCallbacks
    result = g.send(result)
  File "/home/marco/.local/share/virtualenvs/haiku_writer-Vw2z9IJv/lib/python3.7/site-packages/scrapy/core/downloader/middleware.py", line 42, in process_request
    defer.returnValue((yield download_func(request=request, spider=spider)))
  File "/home/marco/.local/share/virtualenvs/haiku_writer-Vw2z9IJv/lib/python3.7/site-packages/twisted/internet/defer.py", line 1362, in returnValue
    raise _DefGen_Return(val)
twisted.internet.defer._DefGen_Return: <200 https://api.pushshift.io/reddit/search/submission/?q=&after=0&before=1583638386&subreddit=haiku&author=&aggs=&metadata=true&frequency=hour&advanced=false&sort=desc&domain=&sort_type=created_utc&size=1000>

During handling of the above exception, another exception occurred:

Traceback (most recent call last):
  File "/home/marco/.local/share/virtualenvs/haiku_writer-Vw2z9IJv/lib/python3.7/site-packages/twisted/internet/defer.py", line 1418, in _inlineCallbacks
    result = g.send(result)
  File "/home/marco/.local/share/virtualenvs/haiku_writer-Vw2z9IJv/lib/python3.7/site-packages/scrapy/core/downloader/middleware.py", line 51, in process_response
    response = yield deferred_from_coro(method(request=request, response=response, spider=spider))
  File "/home/marco/.local/share/virtualenvs/haiku_writer-Vw2z9IJv/lib/python3.7/site-packages/scrapy_proxy_pool/middlewares.py", line 287, in process_response
    ban = is_ban(request, response)
  File "/home/marco/.local/share/virtualenvs/haiku_writer-Vw2z9IJv/lib/python3.7/site-packages/scrapy_proxy_pool/policy.py", line 15, in response_is_ban
    if self.BANNED_PATTERN.search(response.text):
  File "/home/marco/.local/share/virtualenvs/haiku_writer-Vw2z9IJv/lib/python3.7/site-packages/scrapy/http/response/__init__.py", line 105, in text
    raise AttributeError("Response content isn't text")
AttributeError: Response content isn't text
2020-03-08 07:12:37 [scrapy.core.engine] INFO: Closing spider (finished)
2020-03-08 07:12:37 [scrapy.statscollectors] INFO: Dumping Scrapy stats:
{'downloader/request_bytes': 461,
 'downloader/request_count': 1,
 'downloader/request_method_count/GET': 1,
 'downloader/response_bytes': 135248,
 'downloader/response_count': 1,
 'downloader/response_status_count/200': 1,
 'elapsed_time_seconds': 8.00917,
 'finish_reason': 'finished',
 'finish_time': datetime.datetime(2020, 3, 8, 6, 12, 37, 795517),
 'log_count/ERROR': 1,
 'log_count/INFO': 10,
 'memusage/max': 58310656,
 'memusage/startup': 58310656,
 'scheduler/dequeued': 1,
 'scheduler/dequeued/memory': 1,
 'scheduler/enqueued': 1,
 'scheduler/enqueued/memory': 1,
 'start_time': datetime.datetime(2020, 3, 8, 6, 12, 29, 786347)}
2020-03-08 07:12:37 [scrapy.core.engine] INFO: Spider closed (finished)
